<?xml version="1.0" encoding="UTF-8"?>
<testng-results skipped="0" failed="0" ignored="0" total="0" passed="0">
  <reporter-output>
  </reporter-output>
  <suite name="Surefire suite" duration-ms="583" started-at="2021-01-20T19:55:05 MST" finished-at="2021-01-20T19:55:05 MST">
    <groups>
    </groups>
    <test name="Surefire test" duration-ms="583" started-at="2021-01-20T19:55:05 MST" finished-at="2021-01-20T19:55:05 MST">
    </test> <!-- Surefire test -->
  </suite> <!-- Surefire suite -->
</testng-results>
